<?xml version="1.0" encoding="UTF-8"?>
<!-- Generated by org.testng.reporters.JUnitXMLReporter -->
<testsuite hostname="laptop" ignored="1" name="TestRunner-1" tests="4" failures="0" timestamp="2023-08-07T21:20:28 IST" time="34.046" errors="0">
  <testcase name="@BeforeSuite congfi_BC" time="-1.691423393932E9" classname="com.online_shopping_generic_library.BaseClass">
    <failure type="org.testng.TestNGException" message="
Parameter &amp;apos;BROWSER&amp;apos; is required by BeforeSuite on method congfi_BC but has not been marked @Optional or defined
in C:\Users\Athar\eclipse-workspace\com.onlineshopping\testngcross.xml">
      <![CDATA[org.testng.TestNGException: 
Parameter 'BROWSER' is required by BeforeSuite on method congfi_BC but has not been marked @Optional or defined
in C:\Users\Athar\eclipse-workspace\com.onlineshopping\testngcross.xml
... Removed 16 stack frames]]>
    </failure>
  </testcase> <!-- @BeforeSuite congfi_BC -->
  <testcase name="@BeforeClass congfi_BC" time="-1.691423394099E9" classname="com.online_shopping_generic_library.BaseClass">
    <skipped/>
  </testcase> <!-- @BeforeClass congfi_BC -->
  <testcase name="@BeforeMethod congfi_BM" time="-1.691423394134E9" classname="com.online_shopping_generic_library.BaseClass">
    <skipped/>
  </testcase> <!-- @BeforeMethod congfi_BM -->
  <testcase name="@AfterMethod congfi_AM" time="-1.691423394153E9" classname="com.online_shopping_generic_library.BaseClass">
    <skipped/>
  </testcase> <!-- @AfterMethod congfi_AM -->
  <testcase name="@BeforeMethod congfi_BM" time="-1.691423394165E9" classname="com.online_shopping_generic_library.BaseClass">
    <skipped/>
  </testcase> <!-- @BeforeMethod congfi_BM -->
  <testcase name="@AfterMethod congfi_AM" time="-1.691423394196E9" classname="com.online_shopping_generic_library.BaseClass">
    <skipped/>
  </testcase> <!-- @AfterMethod congfi_AM -->
  <testcase name="@AfterClass congfi_AC" time="-1.691423394204E9" classname="com.online_shopping_generic_library.BaseClass">
    <skipped/>
  </testcase> <!-- @AfterClass congfi_AC -->
  <testcase name="@BeforeClass congfi_BC" time="-1.691423394211E9" classname="com.online_shopping_generic_library.BaseClass">
    <skipped/>
  </testcase> <!-- @BeforeClass congfi_BC -->
  <testcase name="@BeforeMethod congfi_BM" time="-1.69142339422E9" classname="com.online_shopping_generic_library.BaseClass">
    <skipped/>
  </testcase> <!-- @BeforeMethod congfi_BM -->
  <testcase name="@AfterMethod congfi_AM" time="-1.69142339423E9" classname="com.online_shopping_generic_library.BaseClass">
    <skipped/>
  </testcase> <!-- @AfterMethod congfi_AM -->
  <testcase name="@BeforeMethod congfi_BM" time="-1.691423394241E9" classname="com.online_shopping_generic_library.BaseClass">
    <skipped/>
  </testcase> <!-- @BeforeMethod congfi_BM -->
  <testcase name="@AfterMethod congfi_AM" time="-1.691423394256E9" classname="com.online_shopping_generic_library.BaseClass">
    <skipped/>
  </testcase> <!-- @AfterMethod congfi_AM -->
  <testcase name="@AfterClass congfi_AC" time="-1.691423394259E9" classname="com.online_shopping_generic_library.BaseClass">
    <skipped/>
  </testcase> <!-- @AfterClass congfi_AC -->
  <testcase name="@BeforeClass congfi_BC" time="25.326" classname="com.online_shopping_generic_library.BaseClass">
    <failure type="org.openqa.selenium.WebDriverException" message="Reached error page: about:neterror?e=dnsNotFound&amp;amp;u=http%3A//rmgtestingserver/domain/Online_Shopping_Application/&amp;amp;c=UTF-8&amp;amp;d=We%20can%E2%80%99t%20connect%20to%20the%20server%20at%20rmgtestingserver.
Build info: version: &amp;apos;3.141.59&amp;apos;, revision: &amp;apos;e82be7d358&amp;apos;, time: &amp;apos;2018-11-14T08:17:03&amp;apos;
System info: host: &amp;apos;LAPTOP&amp;apos;, ip: &amp;apos;192.168.10.1&amp;apos;, os.name: &amp;apos;Windows 8.1&amp;apos;, os.arch: &amp;apos;amd64&amp;apos;, os.version: &amp;apos;6.3&amp;apos;, java.version: &amp;apos;1.8.0_311&amp;apos;
Driver info: org.openqa.selenium.firefox.FirefoxDriver
Capabilities {acceptInsecureCerts: true, browserName: firefox, browserVersion: 115.0.2, javascriptEnabled: true, moz:accessibilityChecks: false, moz:buildID: 20230710165010, moz:geckodriverVersion: 0.33.0, moz:headless: false, moz:platformVersion: 6.3, moz:processID: 2092, moz:profile: C:\Users\Athar\AppData\Loca..., moz:shutdownTimeout: 60000, moz:useNonSpecCompliantPointerOrigin: false, moz:webdriverClick: true, moz:windowless: false, pageLoadStrategy: normal, platform: WINDOWS, platformName: WINDOWS, proxy: Proxy(), setWindowRect: true, strictFileInteractability: false, timeouts: {implicit: 0, pageLoad: 300000, script: 30000}, unhandledPromptBehavior: dismiss and notify}
Session ID: 911e3e13-f197-46e7-94f5-60d364c1f898">
      <![CDATA[org.openqa.selenium.WebDriverException: Reached error page: about:neterror?e=dnsNotFound&u=http%3A//rmgtestingserver/domain/Online_Shopping_Application/&c=UTF-8&d=We%20can%E2%80%99t%20connect%20to%20the%20server%20at%20rmgtestingserver.
Build info: version: '3.141.59', revision: 'e82be7d358', time: '2018-11-14T08:17:03'
System info: host: 'LAPTOP', ip: '192.168.10.1', os.name: 'Windows 8.1', os.arch: 'amd64', os.version: '6.3', java.version: '1.8.0_311'
Driver info: org.openqa.selenium.firefox.FirefoxDriver
Capabilities {acceptInsecureCerts: true, browserName: firefox, browserVersion: 115.0.2, javascriptEnabled: true, moz:accessibilityChecks: false, moz:buildID: 20230710165010, moz:geckodriverVersion: 0.33.0, moz:headless: false, moz:platformVersion: 6.3, moz:processID: 2092, moz:profile: C:\Users\Athar\AppData\Loca..., moz:shutdownTimeout: 60000, moz:useNonSpecCompliantPointerOrigin: false, moz:webdriverClick: true, moz:windowless: false, pageLoadStrategy: normal, platform: WINDOWS, platformName: WINDOWS, proxy: Proxy(), setWindowRect: true, strictFileInteractability: false, timeouts: {implicit: 0, pageLoad: 300000, script: 30000}, unhandledPromptBehavior: dismiss and notify}
Session ID: 911e3e13-f197-46e7-94f5-60d364c1f898
at org.openqa.selenium.remote.http.W3CHttpResponseCodec.createException(W3CHttpResponseCodec.java:187)
at org.openqa.selenium.remote.http.W3CHttpResponseCodec.decode(W3CHttpResponseCodec.java:122)
at org.openqa.selenium.remote.http.W3CHttpResponseCodec.decode(W3CHttpResponseCodec.java:49)
at org.openqa.selenium.remote.HttpCommandExecutor.execute(HttpCommandExecutor.java:158)
at org.openqa.selenium.remote.service.DriverCommandExecutor.execute(DriverCommandExecutor.java:83)
at org.openqa.selenium.remote.RemoteWebDriver.execute(RemoteWebDriver.java:552)
at org.openqa.selenium.remote.RemoteWebDriver.get(RemoteWebDriver.java:277)
at com.online_shopping_generic_library.WebDriverUtility.get(WebDriverUtility.java:31)
at com.online_shopping_generic_library.BaseClass.congfi_BC(BaseClass.java:62)
at java.util.ArrayList.forEach(ArrayList.java:1259)
at java.util.concurrent.FutureTask.run(FutureTask.java:266)
at java.util.concurrent.ThreadPoolExecutor.runWorker(ThreadPoolExecutor.java:1149)
at java.util.concurrent.ThreadPoolExecutor$Worker.run(ThreadPoolExecutor.java:624)
at java.lang.Thread.run(Thread.java:748)
... Removed 20 stack frames]]>
    </failure>
  </testcase> <!-- @BeforeClass congfi_BC -->
  <testcase name="@BeforeMethod congfi_BM" time="-1.691423419439E9" classname="com.online_shopping_generic_library.BaseClass">
    <skipped/>
  </testcase> <!-- @BeforeMethod congfi_BM -->
  <testcase name="@AfterMethod congfi_AM" time="-1.691423419485E9" classname="com.online_shopping_generic_library.BaseClass">
    <skipped/>
  </testcase> <!-- @AfterMethod congfi_AM -->
  <testcase name="@BeforeMethod congfi_BM" time="-1.691423419497E9" classname="com.online_shopping_generic_library.BaseClass">
    <skipped/>
  </testcase> <!-- @BeforeMethod congfi_BM -->
  <testcase name="@AfterMethod congfi_AM" time="-1.691423419523E9" classname="com.online_shopping_generic_library.BaseClass">
    <skipped/>
  </testcase> <!-- @AfterMethod congfi_AM -->
  <testcase name="@AfterClass congfi_AC" time="-1.691423419528E9" classname="com.online_shopping_generic_library.BaseClass">
    <skipped/>
  </testcase> <!-- @AfterClass congfi_AC -->
  <testcase name="@BeforeClass congfi_BC" time="8.524" classname="com.online_shopping_generic_library.BaseClass">
    <failure type="org.openqa.selenium.WebDriverException" message="Reached error page: about:neterror?e=dnsNotFound&amp;amp;u=http%3A//rmgtestingserver/domain/Online_Shopping_Application/&amp;amp;c=UTF-8&amp;amp;d=We%20can%E2%80%99t%20connect%20to%20the%20server%20at%20rmgtestingserver.
Build info: version: &amp;apos;3.141.59&amp;apos;, revision: &amp;apos;e82be7d358&amp;apos;, time: &amp;apos;2018-11-14T08:17:03&amp;apos;
System info: host: &amp;apos;LAPTOP&amp;apos;, ip: &amp;apos;192.168.10.1&amp;apos;, os.name: &amp;apos;Windows 8.1&amp;apos;, os.arch: &amp;apos;amd64&amp;apos;, os.version: &amp;apos;6.3&amp;apos;, java.version: &amp;apos;1.8.0_311&amp;apos;
Driver info: org.openqa.selenium.firefox.FirefoxDriver
Capabilities {acceptInsecureCerts: true, browserName: firefox, browserVersion: 115.0.2, javascriptEnabled: true, moz:accessibilityChecks: false, moz:buildID: 20230710165010, moz:geckodriverVersion: 0.33.0, moz:headless: false, moz:platformVersion: 6.3, moz:processID: 7816, moz:profile: C:\Users\Athar\AppData\Loca..., moz:shutdownTimeout: 60000, moz:useNonSpecCompliantPointerOrigin: false, moz:webdriverClick: true, moz:windowless: false, pageLoadStrategy: normal, platform: WINDOWS, platformName: WINDOWS, proxy: Proxy(), setWindowRect: true, strictFileInteractability: false, timeouts: {implicit: 0, pageLoad: 300000, script: 30000}, unhandledPromptBehavior: dismiss and notify}
Session ID: 08a2891a-4c55-4383-9b2e-387c4122919b">
      <![CDATA[org.openqa.selenium.WebDriverException: Reached error page: about:neterror?e=dnsNotFound&u=http%3A//rmgtestingserver/domain/Online_Shopping_Application/&c=UTF-8&d=We%20can%E2%80%99t%20connect%20to%20the%20server%20at%20rmgtestingserver.
Build info: version: '3.141.59', revision: 'e82be7d358', time: '2018-11-14T08:17:03'
System info: host: 'LAPTOP', ip: '192.168.10.1', os.name: 'Windows 8.1', os.arch: 'amd64', os.version: '6.3', java.version: '1.8.0_311'
Driver info: org.openqa.selenium.firefox.FirefoxDriver
Capabilities {acceptInsecureCerts: true, browserName: firefox, browserVersion: 115.0.2, javascriptEnabled: true, moz:accessibilityChecks: false, moz:buildID: 20230710165010, moz:geckodriverVersion: 0.33.0, moz:headless: false, moz:platformVersion: 6.3, moz:processID: 7816, moz:profile: C:\Users\Athar\AppData\Loca..., moz:shutdownTimeout: 60000, moz:useNonSpecCompliantPointerOrigin: false, moz:webdriverClick: true, moz:windowless: false, pageLoadStrategy: normal, platform: WINDOWS, platformName: WINDOWS, proxy: Proxy(), setWindowRect: true, strictFileInteractability: false, timeouts: {implicit: 0, pageLoad: 300000, script: 30000}, unhandledPromptBehavior: dismiss and notify}
Session ID: 08a2891a-4c55-4383-9b2e-387c4122919b
at org.openqa.selenium.remote.http.W3CHttpResponseCodec.createException(W3CHttpResponseCodec.java:187)
at org.openqa.selenium.remote.http.W3CHttpResponseCodec.decode(W3CHttpResponseCodec.java:122)
at org.openqa.selenium.remote.http.W3CHttpResponseCodec.decode(W3CHttpResponseCodec.java:49)
at org.openqa.selenium.remote.HttpCommandExecutor.execute(HttpCommandExecutor.java:158)
at org.openqa.selenium.remote.service.DriverCommandExecutor.execute(DriverCommandExecutor.java:83)
at org.openqa.selenium.remote.RemoteWebDriver.execute(RemoteWebDriver.java:552)
at org.openqa.selenium.remote.RemoteWebDriver.get(RemoteWebDriver.java:277)
at com.online_shopping_generic_library.WebDriverUtility.get(WebDriverUtility.java:31)
at com.online_shopping_generic_library.BaseClass.congfi_BC(BaseClass.java:62)
at java.util.ArrayList.forEach(ArrayList.java:1259)
at java.util.concurrent.FutureTask.run(FutureTask.java:266)
at java.util.concurrent.ThreadPoolExecutor.runWorker(ThreadPoolExecutor.java:1149)
at java.util.concurrent.ThreadPoolExecutor$Worker.run(ThreadPoolExecutor.java:624)
at java.lang.Thread.run(Thread.java:748)
... Removed 20 stack frames]]>
    </failure>
  </testcase> <!-- @BeforeClass congfi_BC -->
  <testcase name="@BeforeMethod congfi_BM" time="-1.691423428056E9" classname="com.online_shopping_generic_library.BaseClass">
    <skipped/>
  </testcase> <!-- @BeforeMethod congfi_BM -->
  <testcase name="@AfterMethod congfi_AM" time="-1.691423428069E9" classname="com.online_shopping_generic_library.BaseClass">
    <skipped/>
  </testcase> <!-- @AfterMethod congfi_AM -->
  <testcase name="@BeforeMethod congfi_BM" time="-1.69142342807E9" classname="com.online_shopping_generic_library.BaseClass">
    <skipped/>
  </testcase> <!-- @BeforeMethod congfi_BM -->
  <testcase name="@AfterMethod congfi_AM" time="-1.691423428074E9" classname="com.online_shopping_generic_library.BaseClass">
    <skipped/>
  </testcase> <!-- @AfterMethod congfi_AM -->
  <testcase name="@AfterClass congfi_AC" time="-1.691423428075E9" classname="com.online_shopping_generic_library.BaseClass">
    <skipped/>
  </testcase> <!-- @AfterClass congfi_AC -->
  <testcase name="aa" time="0.0" classname="TestNg_Practice_Test.T6_Test">
    <skipped/>
  </testcase> <!-- aa -->
  <testcase name="ab" time="0.0" classname="TestNg_Practice_Test.T6_Test">
    <skipped/>
  </testcase> <!-- ab -->
  <testcase name="acc" time="0.0" classname="TestNg_Practice_Test.T5_Test">
    <skipped/>
  </testcase> <!-- acc -->
  <testcase name="az" time="0.0" classname="TestNg_Practice_Test.T5_Test">
    <skipped/>
  </testcase> <!-- az -->
  <testcase name="@BeforeSuite congfi_BC" time="0.0" classname="com.online_shopping_generic_library.BaseClass">
    <ignored/>
  </testcase> <!-- @BeforeSuite congfi_BC -->
</testsuite> <!-- TestRunner-1 -->
