<?xml version="1.0" encoding="UTF-8"?>
<!-- Generated by org.testng.reporters.JUnitXMLReporter -->
<testsuite hostname="laptop" ignored="1" name="Test_2" tests="4" failures="0" timestamp="2023-08-08T10:00:36 IST" time="0.129" errors="0">
  <testcase name="@BeforeSuite congfi_BC" time="-1.691469036306E9" classname="com.online_shopping_generic_library.BaseClass">
    <failure type="org.testng.TestNGException" message="
Parameter &amp;apos;BROWSER&amp;apos; is required by BeforeSuite on method congfi_BC but has not been marked @Optional or defined
in C:\Users\Athar\eclipse-workspace\com.onlineshopping\testngCross.xml">
      <![CDATA[org.testng.TestNGException: 
Parameter 'BROWSER' is required by BeforeSuite on method congfi_BC but has not been marked @Optional or defined
in C:\Users\Athar\eclipse-workspace\com.onlineshopping\testngCross.xml
... Removed 16 stack frames]]>
    </failure>
  </testcase> <!-- @BeforeSuite congfi_BC -->
  <testcase name="@BeforeClass congfi_BC" time="-1.691469036355E9" classname="com.online_shopping_generic_library.BaseClass">
    <skipped/>
  </testcase> <!-- @BeforeClass congfi_BC -->
  <testcase name="@BeforeMethod congfi_BM" time="-1.691469036377E9" classname="com.online_shopping_generic_library.BaseClass">
    <skipped/>
  </testcase> <!-- @BeforeMethod congfi_BM -->
  <testcase name="@AfterMethod congfi_AM" time="-1.69146903639E9" classname="com.online_shopping_generic_library.BaseClass">
    <skipped/>
  </testcase> <!-- @AfterMethod congfi_AM -->
  <testcase name="@BeforeMethod congfi_BM" time="-1.691469036398E9" classname="com.online_shopping_generic_library.BaseClass">
    <skipped/>
  </testcase> <!-- @BeforeMethod congfi_BM -->
  <testcase name="@AfterMethod congfi_AM" time="-1.691469036406E9" classname="com.online_shopping_generic_library.BaseClass">
    <skipped/>
  </testcase> <!-- @AfterMethod congfi_AM -->
  <testcase name="@AfterClass congfi_AC" time="-1.691469036412E9" classname="com.online_shopping_generic_library.BaseClass">
    <skipped/>
  </testcase> <!-- @AfterClass congfi_AC -->
  <testcase name="@BeforeClass congfi_BC" time="-1.691469036415E9" classname="com.online_shopping_generic_library.BaseClass">
    <skipped/>
  </testcase> <!-- @BeforeClass congfi_BC -->
  <testcase name="@BeforeMethod congfi_BM" time="-1.69146903642E9" classname="com.online_shopping_generic_library.BaseClass">
    <skipped/>
  </testcase> <!-- @BeforeMethod congfi_BM -->
  <testcase name="@AfterMethod congfi_AM" time="-1.691469036428E9" classname="com.online_shopping_generic_library.BaseClass">
    <skipped/>
  </testcase> <!-- @AfterMethod congfi_AM -->
  <testcase name="@BeforeMethod congfi_BM" time="-1.691469036432E9" classname="com.online_shopping_generic_library.BaseClass">
    <skipped/>
  </testcase> <!-- @BeforeMethod congfi_BM -->
  <testcase name="@AfterMethod congfi_AM" time="-1.691469036442E9" classname="com.online_shopping_generic_library.BaseClass">
    <skipped/>
  </testcase> <!-- @AfterMethod congfi_AM -->
  <testcase name="@AfterClass congfi_AC" time="-1.691469036449E9" classname="com.online_shopping_generic_library.BaseClass">
    <skipped/>
  </testcase> <!-- @AfterClass congfi_AC -->
  <testcase name="aa" time="0.0" classname="TestNg_Practice_Test.T6_Test">
    <skipped/>
  </testcase> <!-- aa -->
  <testcase name="ab" time="0.0" classname="TestNg_Practice_Test.T6_Test">
    <skipped/>
  </testcase> <!-- ab -->
  <testcase name="acc" time="0.0" classname="TestNg_Practice_Test.T5_Test">
    <skipped/>
  </testcase> <!-- acc -->
  <testcase name="az" time="0.0" classname="TestNg_Practice_Test.T5_Test">
    <skipped/>
  </testcase> <!-- az -->
  <testcase name="@BeforeSuite congfi_BC" time="0.0" classname="com.online_shopping_generic_library.BaseClass">
    <ignored/>
  </testcase> <!-- @BeforeSuite congfi_BC -->
</testsuite> <!-- Test_2 -->
