<html>
<head>
<title>TestNG:  Test_2</title>
<link href="../testng.css" rel="stylesheet" type="text/css" />
<link href="../my-testng.css" rel="stylesheet" type="text/css" />

<style type="text/css">
.log { display: none;} 
.stack-trace { display: none;} 
</style>
<script type="text/javascript">
<!--
function flip(e) {
  current = e.style.display;
  if (current == 'block') {
    e.style.display = 'none';
    return 0;
  }
  else {
    e.style.display = 'block';
    return 1;
  }
}

function toggleBox(szDivId, elem, msg1, msg2)
{
  var res = -1;  if (document.getElementById) {
    res = flip(document.getElementById(szDivId));
  }
  else if (document.all) {
    // this is the way old msie versions work
    res = flip(document.all[szDivId]);
  }
  if(elem) {
    if(res == 0) elem.innerHTML = msg1; else elem.innerHTML = msg2;
  }

}

function toggleAllBoxes() {
  if (document.getElementsByTagName) {
    d = document.getElementsByTagName('div');
    for (i = 0; i < d.length; i++) {
      if (d[i].className == 'log') {
        flip(d[i]);
      }
    }
  }
}

// -->
</script>

</head>
<body>
<h2 align='center'>Test_2</h2><table border='1' align="center">
<tr>
<td>Tests passed/Failed/Skipped:</td><td>0/0/4</td>
</tr><tr>
<td>Started on:</td><td>Tue Aug 08 10:00:36 IST 2023</td>
</tr>
<tr><td>Total time:</td><td>0 seconds (129 ms)</td>
</tr><tr>
<td>Included groups:</td><td></td>
</tr><tr>
<td>Excluded groups:</td><td></td>
</tr>
</table><p/>
<small><i>(Hover the method name to see the test class name)</i></small><p/>
<table width='100%' border='1' class='invocation-failed'>
<tr><td colspan='4' align='center'><b>FAILED CONFIGURATIONS</b></td></tr>
<tr><td><b>Test method</b></td>
<td width="30%"><b>Exception</b></td>
<td width="10%"><b>Time (seconds)</b></td>
<td><b>Instance</b></td>
</tr>
<tr>
<td title='TestNg_Practice_Test.T6_Test.congfi_BC()'><b>congfi_BC</b><br>Test class: TestNg_Practice_Test.T6_Test</td>
<td><div><pre>org.testng.TestNGException: 
Parameter &apos;BROWSER&apos; is required by BeforeSuite on method congfi_BC but has not been marked @Optional or defined
in C:\Users\Athar\eclipse-workspace\com.onlineshopping\testngCross.xml
... Removed 16 stack frames</pre></div><a href='#' onClick='toggleBox("stack-trace1640639994", this, "Click to show all stack frames", "Click to hide stack frames")'>Click to show all stack frames</a>
<div class='stack-trace' id='stack-trace1640639994'><pre>org.testng.TestNGException: 
Parameter &apos;BROWSER&apos; is required by BeforeSuite on method congfi_BC but has not been marked @Optional or defined
in C:\Users\Athar\eclipse-workspace\com.onlineshopping\testngCross.xml
	at org.testng.internal.Parameters.createParams(Parameters.java:270)
	at org.testng.internal.Parameters.createParametersForMethod(Parameters.java:358)
	at org.testng.internal.Parameters.createParameters(Parameters.java:700)
	at org.testng.internal.Parameters.createConfigurationParameters(Parameters.java:168)
	at org.testng.internal.ConfigInvoker.invokeConfigurations(ConfigInvoker.java:302)
	at org.testng.SuiteRunner.privateRun(SuiteRunner.java:317)
	at org.testng.SuiteRunner.run(SuiteRunner.java:276)
	at org.testng.SuiteRunnerWorker.runSuite(SuiteRunnerWorker.java:53)
	at org.testng.SuiteRunnerWorker.run(SuiteRunnerWorker.java:96)
	at org.testng.TestNG.runSuitesSequentially(TestNG.java:1212)
	at org.testng.TestNG.runSuitesLocally(TestNG.java:1134)
	at org.testng.TestNG.runSuites(TestNG.java:1063)
	at org.testng.TestNG.run(TestNG.java:1031)
	at org.testng.remote.AbstractRemoteTestNG.run(AbstractRemoteTestNG.java:115)
	at org.testng.remote.RemoteTestNG.initAndRun(RemoteTestNG.java:251)
	at org.testng.remote.RemoteTestNG.main(RemoteTestNG.java:77)
</pre></div></td>
<td>-1691469036</td>
<td>TestNg_Practice_Test.T6_Test@2e3fc542</td></tr>
</table><p>
<table width='100%' border='1' class='invocation-skipped'>
<tr><td colspan='4' align='center'><b>SKIPPED CONFIGURATIONS</b></td></tr>
<tr><td><b>Test method</b></td>
<td width="30%"><b>Exception</b></td>
<td width="10%"><b>Time (seconds)</b></td>
<td><b>Instance</b></td>
</tr>
<tr>
<td title='TestNg_Practice_Test.T5_Test.congfi_AC()'><b>congfi_AC</b><br>Test class: TestNg_Practice_Test.T5_Test</td>
<td></td>
<td>-1691469036</td>
<td>TestNg_Practice_Test.T5_Test@4524411f</td></tr>
<tr>
<td title='TestNg_Practice_Test.T6_Test.congfi_BC()'><b>congfi_BC</b><br>Test class: TestNg_Practice_Test.T6_Test</td>
<td></td>
<td>-1691469036</td>
<td>TestNg_Practice_Test.T6_Test@2e3fc542</td></tr>
<tr>
<td title='TestNg_Practice_Test.T6_Test.congfi_BM()'><b>congfi_BM</b><br>Test class: TestNg_Practice_Test.T6_Test</td>
<td></td>
<td>-1691469036</td>
<td>TestNg_Practice_Test.T6_Test@2e3fc542</td></tr>
<tr>
<td title='TestNg_Practice_Test.T6_Test.congfi_BM()'><b>congfi_BM</b><br>Test class: TestNg_Practice_Test.T6_Test</td>
<td></td>
<td>-1691469036</td>
<td>TestNg_Practice_Test.T6_Test@2e3fc542</td></tr>
<tr>
<td title='TestNg_Practice_Test.T6_Test.congfi_AM()'><b>congfi_AM</b><br>Test class: TestNg_Practice_Test.T6_Test</td>
<td></td>
<td>-1691469036</td>
<td>TestNg_Practice_Test.T6_Test@2e3fc542</td></tr>
<tr>
<td title='TestNg_Practice_Test.T5_Test.congfi_AM()'><b>congfi_AM</b><br>Test class: TestNg_Practice_Test.T5_Test</td>
<td></td>
<td>-1691469036</td>
<td>TestNg_Practice_Test.T5_Test@4524411f</td></tr>
<tr>
<td title='TestNg_Practice_Test.T5_Test.congfi_BC()'><b>congfi_BC</b><br>Test class: TestNg_Practice_Test.T5_Test</td>
<td></td>
<td>-1691469036</td>
<td>TestNg_Practice_Test.T5_Test@4524411f</td></tr>
<tr>
<td title='TestNg_Practice_Test.T5_Test.congfi_BM()'><b>congfi_BM</b><br>Test class: TestNg_Practice_Test.T5_Test</td>
<td></td>
<td>-1691469036</td>
<td>TestNg_Practice_Test.T5_Test@4524411f</td></tr>
<tr>
<td title='TestNg_Practice_Test.T5_Test.congfi_AM()'><b>congfi_AM</b><br>Test class: TestNg_Practice_Test.T5_Test</td>
<td></td>
<td>-1691469036</td>
<td>TestNg_Practice_Test.T5_Test@4524411f</td></tr>
<tr>
<td title='TestNg_Practice_Test.T6_Test.congfi_AC()'><b>congfi_AC</b><br>Test class: TestNg_Practice_Test.T6_Test</td>
<td></td>
<td>-1691469036</td>
<td>TestNg_Practice_Test.T6_Test@2e3fc542</td></tr>
<tr>
<td title='TestNg_Practice_Test.T6_Test.congfi_AM()'><b>congfi_AM</b><br>Test class: TestNg_Practice_Test.T6_Test</td>
<td></td>
<td>-1691469036</td>
<td>TestNg_Practice_Test.T6_Test@2e3fc542</td></tr>
<tr>
<td title='TestNg_Practice_Test.T5_Test.congfi_BM()'><b>congfi_BM</b><br>Test class: TestNg_Practice_Test.T5_Test</td>
<td></td>
<td>-1691469036</td>
<td>TestNg_Practice_Test.T5_Test@4524411f</td></tr>
</table><p>
<table width='100%' border='1' class='invocation-skipped'>
<tr><td colspan='4' align='center'><b>SKIPPED TESTS</b></td></tr>
<tr><td><b>Test method</b></td>
<td width="30%"><b>Exception</b></td>
<td width="10%"><b>Time (seconds)</b></td>
<td><b>Instance</b></td>
</tr>
<tr>
<td title='TestNg_Practice_Test.T5_Test.az()'><b>az</b><br>Test class: TestNg_Practice_Test.T5_Test</td>
<td><div><pre>org.testng.TestNGException: 
Parameter &apos;BROWSER&apos; is required by BeforeSuite on method congfi_BC but has not been marked @Optional or defined
in C:\Users\Athar\eclipse-workspace\com.onlineshopping\testngCross.xml
... Removed 16 stack frames</pre></div><a href='#' onClick='toggleBox("stack-trace604181735", this, "Click to show all stack frames", "Click to hide stack frames")'>Click to show all stack frames</a>
<div class='stack-trace' id='stack-trace604181735'><pre>org.testng.TestNGException: 
Parameter &apos;BROWSER&apos; is required by BeforeSuite on method congfi_BC but has not been marked @Optional or defined
in C:\Users\Athar\eclipse-workspace\com.onlineshopping\testngCross.xml
	at org.testng.internal.Parameters.createParams(Parameters.java:270)
	at org.testng.internal.Parameters.createParametersForMethod(Parameters.java:358)
	at org.testng.internal.Parameters.createParameters(Parameters.java:700)
	at org.testng.internal.Parameters.createConfigurationParameters(Parameters.java:168)
	at org.testng.internal.ConfigInvoker.invokeConfigurations(ConfigInvoker.java:302)
	at org.testng.SuiteRunner.privateRun(SuiteRunner.java:317)
	at org.testng.SuiteRunner.run(SuiteRunner.java:276)
	at org.testng.SuiteRunnerWorker.runSuite(SuiteRunnerWorker.java:53)
	at org.testng.SuiteRunnerWorker.run(SuiteRunnerWorker.java:96)
	at org.testng.TestNG.runSuitesSequentially(TestNG.java:1212)
	at org.testng.TestNG.runSuitesLocally(TestNG.java:1134)
	at org.testng.TestNG.runSuites(TestNG.java:1063)
	at org.testng.TestNG.run(TestNG.java:1031)
	at org.testng.remote.AbstractRemoteTestNG.run(AbstractRemoteTestNG.java:115)
	at org.testng.remote.RemoteTestNG.initAndRun(RemoteTestNG.java:251)
	at org.testng.remote.RemoteTestNG.main(RemoteTestNG.java:77)
</pre></div></td>
<td>0</td>
<td>TestNg_Practice_Test.T5_Test@4524411f</td></tr>
<tr>
<td title='TestNg_Practice_Test.T6_Test.aa()'><b>aa</b><br>Test class: TestNg_Practice_Test.T6_Test</td>
<td><div><pre>org.testng.TestNGException: 
Parameter &apos;BROWSER&apos; is required by BeforeSuite on method congfi_BC but has not been marked @Optional or defined
in C:\Users\Athar\eclipse-workspace\com.onlineshopping\testngCross.xml
... Removed 16 stack frames</pre></div><a href='#' onClick='toggleBox("stack-trace1043980012", this, "Click to show all stack frames", "Click to hide stack frames")'>Click to show all stack frames</a>
<div class='stack-trace' id='stack-trace1043980012'><pre>org.testng.TestNGException: 
Parameter &apos;BROWSER&apos; is required by BeforeSuite on method congfi_BC but has not been marked @Optional or defined
in C:\Users\Athar\eclipse-workspace\com.onlineshopping\testngCross.xml
	at org.testng.internal.Parameters.createParams(Parameters.java:270)
	at org.testng.internal.Parameters.createParametersForMethod(Parameters.java:358)
	at org.testng.internal.Parameters.createParameters(Parameters.java:700)
	at org.testng.internal.Parameters.createConfigurationParameters(Parameters.java:168)
	at org.testng.internal.ConfigInvoker.invokeConfigurations(ConfigInvoker.java:302)
	at org.testng.SuiteRunner.privateRun(SuiteRunner.java:317)
	at org.testng.SuiteRunner.run(SuiteRunner.java:276)
	at org.testng.SuiteRunnerWorker.runSuite(SuiteRunnerWorker.java:53)
	at org.testng.SuiteRunnerWorker.run(SuiteRunnerWorker.java:96)
	at org.testng.TestNG.runSuitesSequentially(TestNG.java:1212)
	at org.testng.TestNG.runSuitesLocally(TestNG.java:1134)
	at org.testng.TestNG.runSuites(TestNG.java:1063)
	at org.testng.TestNG.run(TestNG.java:1031)
	at org.testng.remote.AbstractRemoteTestNG.run(AbstractRemoteTestNG.java:115)
	at org.testng.remote.RemoteTestNG.initAndRun(RemoteTestNG.java:251)
	at org.testng.remote.RemoteTestNG.main(RemoteTestNG.java:77)
</pre></div></td>
<td>0</td>
<td>TestNg_Practice_Test.T6_Test@2e3fc542</td></tr>
<tr>
<td title='TestNg_Practice_Test.T6_Test.ab()'><b>ab</b><br>Test class: TestNg_Practice_Test.T6_Test</td>
<td><div><pre>org.testng.TestNGException: 
Parameter &apos;BROWSER&apos; is required by BeforeSuite on method congfi_BC but has not been marked @Optional or defined
in C:\Users\Athar\eclipse-workspace\com.onlineshopping\testngCross.xml
... Removed 16 stack frames</pre></div><a href='#' onClick='toggleBox("stack-trace1649910831", this, "Click to show all stack frames", "Click to hide stack frames")'>Click to show all stack frames</a>
<div class='stack-trace' id='stack-trace1649910831'><pre>org.testng.TestNGException: 
Parameter &apos;BROWSER&apos; is required by BeforeSuite on method congfi_BC but has not been marked @Optional or defined
in C:\Users\Athar\eclipse-workspace\com.onlineshopping\testngCross.xml
	at org.testng.internal.Parameters.createParams(Parameters.java:270)
	at org.testng.internal.Parameters.createParametersForMethod(Parameters.java:358)
	at org.testng.internal.Parameters.createParameters(Parameters.java:700)
	at org.testng.internal.Parameters.createConfigurationParameters(Parameters.java:168)
	at org.testng.internal.ConfigInvoker.invokeConfigurations(ConfigInvoker.java:302)
	at org.testng.SuiteRunner.privateRun(SuiteRunner.java:317)
	at org.testng.SuiteRunner.run(SuiteRunner.java:276)
	at org.testng.SuiteRunnerWorker.runSuite(SuiteRunnerWorker.java:53)
	at org.testng.SuiteRunnerWorker.run(SuiteRunnerWorker.java:96)
	at org.testng.TestNG.runSuitesSequentially(TestNG.java:1212)
	at org.testng.TestNG.runSuitesLocally(TestNG.java:1134)
	at org.testng.TestNG.runSuites(TestNG.java:1063)
	at org.testng.TestNG.run(TestNG.java:1031)
	at org.testng.remote.AbstractRemoteTestNG.run(AbstractRemoteTestNG.java:115)
	at org.testng.remote.RemoteTestNG.initAndRun(RemoteTestNG.java:251)
	at org.testng.remote.RemoteTestNG.main(RemoteTestNG.java:77)
</pre></div></td>
<td>0</td>
<td>TestNg_Practice_Test.T6_Test@2e3fc542</td></tr>
<tr>
<td title='TestNg_Practice_Test.T5_Test.acc()'><b>acc</b><br>Test class: TestNg_Practice_Test.T5_Test</td>
<td><div><pre>org.testng.TestNGException: 
Parameter &apos;BROWSER&apos; is required by BeforeSuite on method congfi_BC but has not been marked @Optional or defined
in C:\Users\Athar\eclipse-workspace\com.onlineshopping\testngCross.xml
... Removed 16 stack frames</pre></div><a href='#' onClick='toggleBox("stack-trace301826689", this, "Click to show all stack frames", "Click to hide stack frames")'>Click to show all stack frames</a>
<div class='stack-trace' id='stack-trace301826689'><pre>org.testng.TestNGException: 
Parameter &apos;BROWSER&apos; is required by BeforeSuite on method congfi_BC but has not been marked @Optional or defined
in C:\Users\Athar\eclipse-workspace\com.onlineshopping\testngCross.xml
	at org.testng.internal.Parameters.createParams(Parameters.java:270)
	at org.testng.internal.Parameters.createParametersForMethod(Parameters.java:358)
	at org.testng.internal.Parameters.createParameters(Parameters.java:700)
	at org.testng.internal.Parameters.createConfigurationParameters(Parameters.java:168)
	at org.testng.internal.ConfigInvoker.invokeConfigurations(ConfigInvoker.java:302)
	at org.testng.SuiteRunner.privateRun(SuiteRunner.java:317)
	at org.testng.SuiteRunner.run(SuiteRunner.java:276)
	at org.testng.SuiteRunnerWorker.runSuite(SuiteRunnerWorker.java:53)
	at org.testng.SuiteRunnerWorker.run(SuiteRunnerWorker.java:96)
	at org.testng.TestNG.runSuitesSequentially(TestNG.java:1212)
	at org.testng.TestNG.runSuitesLocally(TestNG.java:1134)
	at org.testng.TestNG.runSuites(TestNG.java:1063)
	at org.testng.TestNG.run(TestNG.java:1031)
	at org.testng.remote.AbstractRemoteTestNG.run(AbstractRemoteTestNG.java:115)
	at org.testng.remote.RemoteTestNG.initAndRun(RemoteTestNG.java:251)
	at org.testng.remote.RemoteTestNG.main(RemoteTestNG.java:77)
</pre></div></td>
<td>0</td>
<td>TestNg_Practice_Test.T5_Test@4524411f</td></tr>
</table><p>
</body>
</html>