<?xml version="1.0" encoding="UTF-8"?>
<!-- Generated by org.testng.reporters.JUnitXMLReporter -->
<testsuite hostname="laptop" ignored="1" name="TestRunner-2" tests="4" failures="0" timestamp="2023-08-07T21:19:54 IST" time="0.243" errors="0">
  <testcase name="@BeforeSuite congfi_BC" time="-1.691423393932E9" classname="com.online_shopping_generic_library.BaseClass">
    <failure type="org.testng.TestNGException" message="
Parameter &amp;apos;BROWSER&amp;apos; is required by BeforeSuite on method congfi_BC but has not been marked @Optional or defined
in C:\Users\Athar\eclipse-workspace\com.onlineshopping\testngcross.xml">
      <![CDATA[org.testng.TestNGException: 
Parameter 'BROWSER' is required by BeforeSuite on method congfi_BC but has not been marked @Optional or defined
in C:\Users\Athar\eclipse-workspace\com.onlineshopping\testngcross.xml
... Removed 16 stack frames]]>
    </failure>
  </testcase> <!-- @BeforeSuite congfi_BC -->
  <testcase name="@BeforeClass congfi_BC" time="-1.691423394099E9" classname="com.online_shopping_generic_library.BaseClass">
    <skipped/>
  </testcase> <!-- @BeforeClass congfi_BC -->
  <testcase name="@BeforeMethod congfi_BM" time="-1.691423394134E9" classname="com.online_shopping_generic_library.BaseClass">
    <skipped/>
  </testcase> <!-- @BeforeMethod congfi_BM -->
  <testcase name="@AfterMethod congfi_AM" time="-1.691423394153E9" classname="com.online_shopping_generic_library.BaseClass">
    <skipped/>
  </testcase> <!-- @AfterMethod congfi_AM -->
  <testcase name="@BeforeMethod congfi_BM" time="-1.691423394165E9" classname="com.online_shopping_generic_library.BaseClass">
    <skipped/>
  </testcase> <!-- @BeforeMethod congfi_BM -->
  <testcase name="@AfterMethod congfi_AM" time="-1.691423394196E9" classname="com.online_shopping_generic_library.BaseClass">
    <skipped/>
  </testcase> <!-- @AfterMethod congfi_AM -->
  <testcase name="@AfterClass congfi_AC" time="-1.691423394204E9" classname="com.online_shopping_generic_library.BaseClass">
    <skipped/>
  </testcase> <!-- @AfterClass congfi_AC -->
  <testcase name="@BeforeClass congfi_BC" time="-1.691423394211E9" classname="com.online_shopping_generic_library.BaseClass">
    <skipped/>
  </testcase> <!-- @BeforeClass congfi_BC -->
  <testcase name="@BeforeMethod congfi_BM" time="-1.69142339422E9" classname="com.online_shopping_generic_library.BaseClass">
    <skipped/>
  </testcase> <!-- @BeforeMethod congfi_BM -->
  <testcase name="@AfterMethod congfi_AM" time="-1.69142339423E9" classname="com.online_shopping_generic_library.BaseClass">
    <skipped/>
  </testcase> <!-- @AfterMethod congfi_AM -->
  <testcase name="@BeforeMethod congfi_BM" time="-1.691423394241E9" classname="com.online_shopping_generic_library.BaseClass">
    <skipped/>
  </testcase> <!-- @BeforeMethod congfi_BM -->
  <testcase name="@AfterMethod congfi_AM" time="-1.691423394256E9" classname="com.online_shopping_generic_library.BaseClass">
    <skipped/>
  </testcase> <!-- @AfterMethod congfi_AM -->
  <testcase name="@AfterClass congfi_AC" time="-1.691423394259E9" classname="com.online_shopping_generic_library.BaseClass">
    <skipped/>
  </testcase> <!-- @AfterClass congfi_AC -->
  <testcase name="aa" time="0.0" classname="TestNg_Practice_Test.T6_Test">
    <skipped/>
  </testcase> <!-- aa -->
  <testcase name="ab" time="0.0" classname="TestNg_Practice_Test.T6_Test">
    <skipped/>
  </testcase> <!-- ab -->
  <testcase name="acc" time="0.0" classname="TestNg_Practice_Test.T5_Test">
    <skipped/>
  </testcase> <!-- acc -->
  <testcase name="az" time="0.0" classname="TestNg_Practice_Test.T5_Test">
    <skipped/>
  </testcase> <!-- az -->
  <testcase name="@BeforeSuite congfi_BC" time="0.0" classname="com.online_shopping_generic_library.BaseClass">
    <ignored/>
  </testcase> <!-- @BeforeSuite congfi_BC -->
</testsuite> <!-- TestRunner-2 -->
