<?xml version="1.0" encoding="UTF-8"?>
<!-- Generated by org.testng.reporters.JUnitXMLReporter -->
<testsuite hostname="laptop" ignored="1" name="Test_1" tests="4" failures="0" timestamp="2023-08-08T10:00:51 IST" time="15.232" errors="0">
  <testcase name="@BeforeSuite congfi_BC" time="-1.691469036306E9" classname="com.online_shopping_generic_library.BaseClass">
    <failure type="org.testng.TestNGException" message="
Parameter &amp;apos;BROWSER&amp;apos; is required by BeforeSuite on method congfi_BC but has not been marked @Optional or defined
in C:\Users\Athar\eclipse-workspace\com.onlineshopping\testngCross.xml">
      <![CDATA[org.testng.TestNGException: 
Parameter 'BROWSER' is required by BeforeSuite on method congfi_BC but has not been marked @Optional or defined
in C:\Users\Athar\eclipse-workspace\com.onlineshopping\testngCross.xml
... Removed 16 stack frames]]>
    </failure>
  </testcase> <!-- @BeforeSuite congfi_BC -->
  <testcase name="@BeforeClass congfi_BC" time="-1.691469036355E9" classname="com.online_shopping_generic_library.BaseClass">
    <skipped/>
  </testcase> <!-- @BeforeClass congfi_BC -->
  <testcase name="@BeforeMethod congfi_BM" time="-1.691469036377E9" classname="com.online_shopping_generic_library.BaseClass">
    <skipped/>
  </testcase> <!-- @BeforeMethod congfi_BM -->
  <testcase name="@AfterMethod congfi_AM" time="-1.69146903639E9" classname="com.online_shopping_generic_library.BaseClass">
    <skipped/>
  </testcase> <!-- @AfterMethod congfi_AM -->
  <testcase name="@BeforeMethod congfi_BM" time="-1.691469036398E9" classname="com.online_shopping_generic_library.BaseClass">
    <skipped/>
  </testcase> <!-- @BeforeMethod congfi_BM -->
  <testcase name="@AfterMethod congfi_AM" time="-1.691469036406E9" classname="com.online_shopping_generic_library.BaseClass">
    <skipped/>
  </testcase> <!-- @AfterMethod congfi_AM -->
  <testcase name="@AfterClass congfi_AC" time="-1.691469036412E9" classname="com.online_shopping_generic_library.BaseClass">
    <skipped/>
  </testcase> <!-- @AfterClass congfi_AC -->
  <testcase name="@BeforeClass congfi_BC" time="-1.691469036415E9" classname="com.online_shopping_generic_library.BaseClass">
    <skipped/>
  </testcase> <!-- @BeforeClass congfi_BC -->
  <testcase name="@BeforeMethod congfi_BM" time="-1.69146903642E9" classname="com.online_shopping_generic_library.BaseClass">
    <skipped/>
  </testcase> <!-- @BeforeMethod congfi_BM -->
  <testcase name="@AfterMethod congfi_AM" time="-1.691469036428E9" classname="com.online_shopping_generic_library.BaseClass">
    <skipped/>
  </testcase> <!-- @AfterMethod congfi_AM -->
  <testcase name="@BeforeMethod congfi_BM" time="-1.691469036432E9" classname="com.online_shopping_generic_library.BaseClass">
    <skipped/>
  </testcase> <!-- @BeforeMethod congfi_BM -->
  <testcase name="@AfterMethod congfi_AM" time="-1.691469036442E9" classname="com.online_shopping_generic_library.BaseClass">
    <skipped/>
  </testcase> <!-- @AfterMethod congfi_AM -->
  <testcase name="@AfterClass congfi_AC" time="-1.691469036449E9" classname="com.online_shopping_generic_library.BaseClass">
    <skipped/>
  </testcase> <!-- @AfterClass congfi_AC -->
  <testcase name="@BeforeClass congfi_BC" time="7.646" classname="com.online_shopping_generic_library.BaseClass">
    <failure type="org.openqa.selenium.WebDriverException" message="unknown error: net::ERR_INTERNET_DISCONNECTED
  (Session info: chrome=109.0.5414.149)
Build info: version: &amp;apos;3.141.59&amp;apos;, revision: &amp;apos;e82be7d358&amp;apos;, time: &amp;apos;2018-11-14T08:17:03&amp;apos;
System info: host: &amp;apos;LAPTOP&amp;apos;, ip: &amp;apos;192.168.10.1&amp;apos;, os.name: &amp;apos;Windows 8.1&amp;apos;, os.arch: &amp;apos;amd64&amp;apos;, os.version: &amp;apos;6.3&amp;apos;, java.version: &amp;apos;1.8.0_311&amp;apos;
Driver info: org.openqa.selenium.chrome.ChromeDriver
Capabilities {acceptInsecureCerts: false, browserName: chrome, browserVersion: 109.0.5414.149, chrome: {chromedriverVersion: 109.0.5414.74 (e7c5703604da..., userDataDir: C:\Users\Athar\AppData\Loca...}, goog:chromeOptions: {debuggerAddress: localhost:49722}, javascriptEnabled: true, networkConnectionEnabled: false, pageLoadStrategy: normal, platform: WINDOWS, platformName: WINDOWS, proxy: Proxy(), setWindowRect: true, strictFileInteractability: false, timeouts: {implicit: 0, pageLoad: 300000, script: 30000}, unhandledPromptBehavior: dismiss and notify, webauthn:extension:credBlob: true, webauthn:extension:largeBlob: true, webauthn:virtualAuthenticators: true}
Session ID: c4454016c8542e6eb098939c266d2f9f">
      <![CDATA[org.openqa.selenium.WebDriverException: unknown error: net::ERR_INTERNET_DISCONNECTED
  (Session info: chrome=109.0.5414.149)
Build info: version: '3.141.59', revision: 'e82be7d358', time: '2018-11-14T08:17:03'
System info: host: 'LAPTOP', ip: '192.168.10.1', os.name: 'Windows 8.1', os.arch: 'amd64', os.version: '6.3', java.version: '1.8.0_311'
Driver info: org.openqa.selenium.chrome.ChromeDriver
Capabilities {acceptInsecureCerts: false, browserName: chrome, browserVersion: 109.0.5414.149, chrome: {chromedriverVersion: 109.0.5414.74 (e7c5703604da..., userDataDir: C:\Users\Athar\AppData\Loca...}, goog:chromeOptions: {debuggerAddress: localhost:49722}, javascriptEnabled: true, networkConnectionEnabled: false, pageLoadStrategy: normal, platform: WINDOWS, platformName: WINDOWS, proxy: Proxy(), setWindowRect: true, strictFileInteractability: false, timeouts: {implicit: 0, pageLoad: 300000, script: 30000}, unhandledPromptBehavior: dismiss and notify, webauthn:extension:credBlob: true, webauthn:extension:largeBlob: true, webauthn:virtualAuthenticators: true}
Session ID: c4454016c8542e6eb098939c266d2f9f
at org.openqa.selenium.remote.http.W3CHttpResponseCodec.createException(W3CHttpResponseCodec.java:187)
at org.openqa.selenium.remote.http.W3CHttpResponseCodec.decode(W3CHttpResponseCodec.java:122)
at org.openqa.selenium.remote.http.W3CHttpResponseCodec.decode(W3CHttpResponseCodec.java:49)
at org.openqa.selenium.remote.HttpCommandExecutor.execute(HttpCommandExecutor.java:158)
at org.openqa.selenium.remote.service.DriverCommandExecutor.execute(DriverCommandExecutor.java:83)
at org.openqa.selenium.remote.RemoteWebDriver.execute(RemoteWebDriver.java:552)
at org.openqa.selenium.remote.RemoteWebDriver.get(RemoteWebDriver.java:277)
at com.online_shopping_generic_library.WebDriverUtility.get(WebDriverUtility.java:31)
at com.online_shopping_generic_library.BaseClass.congfi_BC(BaseClass.java:68)
at java.util.ArrayList.forEach(ArrayList.java:1259)
at java.util.concurrent.FutureTask.run(FutureTask.java:266)
at java.util.concurrent.ThreadPoolExecutor.runWorker(ThreadPoolExecutor.java:1149)
at java.util.concurrent.ThreadPoolExecutor$Worker.run(ThreadPoolExecutor.java:624)
at java.lang.Thread.run(Thread.java:748)
... Removed 20 stack frames]]>
    </failure>
  </testcase> <!-- @BeforeClass congfi_BC -->
  <testcase name="@BeforeMethod congfi_BM" time="-1.691469044007E9" classname="com.online_shopping_generic_library.BaseClass">
    <skipped/>
  </testcase> <!-- @BeforeMethod congfi_BM -->
  <testcase name="@AfterMethod congfi_AM" time="-1.69146904402E9" classname="com.online_shopping_generic_library.BaseClass">
    <skipped/>
  </testcase> <!-- @AfterMethod congfi_AM -->
  <testcase name="@BeforeMethod congfi_BM" time="-1.691469044022E9" classname="com.online_shopping_generic_library.BaseClass">
    <skipped/>
  </testcase> <!-- @BeforeMethod congfi_BM -->
  <testcase name="@AfterMethod congfi_AM" time="-1.691469044035E9" classname="com.online_shopping_generic_library.BaseClass">
    <skipped/>
  </testcase> <!-- @AfterMethod congfi_AM -->
  <testcase name="@AfterClass congfi_AC" time="-1.691469044036E9" classname="com.online_shopping_generic_library.BaseClass">
    <skipped/>
  </testcase> <!-- @AfterClass congfi_AC -->
  <testcase name="@BeforeClass congfi_BC" time="7.492" classname="com.online_shopping_generic_library.BaseClass">
    <failure type="org.openqa.selenium.WebDriverException" message="unknown error: net::ERR_INTERNET_DISCONNECTED
  (Session info: chrome=109.0.5414.149)
Build info: version: &amp;apos;3.141.59&amp;apos;, revision: &amp;apos;e82be7d358&amp;apos;, time: &amp;apos;2018-11-14T08:17:03&amp;apos;
System info: host: &amp;apos;LAPTOP&amp;apos;, ip: &amp;apos;192.168.10.1&amp;apos;, os.name: &amp;apos;Windows 8.1&amp;apos;, os.arch: &amp;apos;amd64&amp;apos;, os.version: &amp;apos;6.3&amp;apos;, java.version: &amp;apos;1.8.0_311&amp;apos;
Driver info: org.openqa.selenium.chrome.ChromeDriver
Capabilities {acceptInsecureCerts: false, browserName: chrome, browserVersion: 109.0.5414.149, chrome: {chromedriverVersion: 109.0.5414.74 (e7c5703604da..., userDataDir: C:\Users\Athar\AppData\Loca...}, goog:chromeOptions: {debuggerAddress: localhost:49731}, javascriptEnabled: true, networkConnectionEnabled: false, pageLoadStrategy: normal, platform: WINDOWS, platformName: WINDOWS, proxy: Proxy(), setWindowRect: true, strictFileInteractability: false, timeouts: {implicit: 0, pageLoad: 300000, script: 30000}, unhandledPromptBehavior: dismiss and notify, webauthn:extension:credBlob: true, webauthn:extension:largeBlob: true, webauthn:virtualAuthenticators: true}
Session ID: df2b014f6c5f80e9ff5ef6a9bbb5905d">
      <![CDATA[org.openqa.selenium.WebDriverException: unknown error: net::ERR_INTERNET_DISCONNECTED
  (Session info: chrome=109.0.5414.149)
Build info: version: '3.141.59', revision: 'e82be7d358', time: '2018-11-14T08:17:03'
System info: host: 'LAPTOP', ip: '192.168.10.1', os.name: 'Windows 8.1', os.arch: 'amd64', os.version: '6.3', java.version: '1.8.0_311'
Driver info: org.openqa.selenium.chrome.ChromeDriver
Capabilities {acceptInsecureCerts: false, browserName: chrome, browserVersion: 109.0.5414.149, chrome: {chromedriverVersion: 109.0.5414.74 (e7c5703604da..., userDataDir: C:\Users\Athar\AppData\Loca...}, goog:chromeOptions: {debuggerAddress: localhost:49731}, javascriptEnabled: true, networkConnectionEnabled: false, pageLoadStrategy: normal, platform: WINDOWS, platformName: WINDOWS, proxy: Proxy(), setWindowRect: true, strictFileInteractability: false, timeouts: {implicit: 0, pageLoad: 300000, script: 30000}, unhandledPromptBehavior: dismiss and notify, webauthn:extension:credBlob: true, webauthn:extension:largeBlob: true, webauthn:virtualAuthenticators: true}
Session ID: df2b014f6c5f80e9ff5ef6a9bbb5905d
at org.openqa.selenium.remote.http.W3CHttpResponseCodec.createException(W3CHttpResponseCodec.java:187)
at org.openqa.selenium.remote.http.W3CHttpResponseCodec.decode(W3CHttpResponseCodec.java:122)
at org.openqa.selenium.remote.http.W3CHttpResponseCodec.decode(W3CHttpResponseCodec.java:49)
at org.openqa.selenium.remote.HttpCommandExecutor.execute(HttpCommandExecutor.java:158)
at org.openqa.selenium.remote.service.DriverCommandExecutor.execute(DriverCommandExecutor.java:83)
at org.openqa.selenium.remote.RemoteWebDriver.execute(RemoteWebDriver.java:552)
at org.openqa.selenium.remote.RemoteWebDriver.get(RemoteWebDriver.java:277)
at com.online_shopping_generic_library.WebDriverUtility.get(WebDriverUtility.java:31)
at com.online_shopping_generic_library.BaseClass.congfi_BC(BaseClass.java:68)
at java.util.ArrayList.forEach(ArrayList.java:1259)
at java.util.concurrent.FutureTask.run(FutureTask.java:266)
at java.util.concurrent.ThreadPoolExecutor.runWorker(ThreadPoolExecutor.java:1149)
at java.util.concurrent.ThreadPoolExecutor$Worker.run(ThreadPoolExecutor.java:624)
at java.lang.Thread.run(Thread.java:748)
... Removed 20 stack frames]]>
    </failure>
  </testcase> <!-- @BeforeClass congfi_BC -->
  <testcase name="@BeforeMethod congfi_BM" time="-1.691469051543E9" classname="com.online_shopping_generic_library.BaseClass">
    <skipped/>
  </testcase> <!-- @BeforeMethod congfi_BM -->
  <testcase name="@AfterMethod congfi_AM" time="-1.691469051551E9" classname="com.online_shopping_generic_library.BaseClass">
    <skipped/>
  </testcase> <!-- @AfterMethod congfi_AM -->
  <testcase name="@BeforeMethod congfi_BM" time="-1.691469051552E9" classname="com.online_shopping_generic_library.BaseClass">
    <skipped/>
  </testcase> <!-- @BeforeMethod congfi_BM -->
  <testcase name="@AfterMethod congfi_AM" time="-1.69146905156E9" classname="com.online_shopping_generic_library.BaseClass">
    <skipped/>
  </testcase> <!-- @AfterMethod congfi_AM -->
  <testcase name="@AfterClass congfi_AC" time="-1.691469051561E9" classname="com.online_shopping_generic_library.BaseClass">
    <skipped/>
  </testcase> <!-- @AfterClass congfi_AC -->
  <testcase name="aa" time="0.0" classname="TestNg_Practice_Test.T6_Test">
    <skipped/>
  </testcase> <!-- aa -->
  <testcase name="ab" time="0.0" classname="TestNg_Practice_Test.T6_Test">
    <skipped/>
  </testcase> <!-- ab -->
  <testcase name="acc" time="0.0" classname="TestNg_Practice_Test.T5_Test">
    <skipped/>
  </testcase> <!-- acc -->
  <testcase name="az" time="0.0" classname="TestNg_Practice_Test.T5_Test">
    <skipped/>
  </testcase> <!-- az -->
  <testcase name="@BeforeSuite congfi_BC" time="0.0" classname="com.online_shopping_generic_library.BaseClass">
    <ignored/>
  </testcase> <!-- @BeforeSuite congfi_BC -->
</testsuite> <!-- Test_1 -->
