<?xml version="1.0" encoding="UTF-8"?>
<testng-results skipped="0" failed="1" ignored="0" total="1" passed="0">
  <reporter-output>
    <line>
      <![CDATA[My_cart_Test----TestScript Execuation Starts]]>
    </line>
    <line>
      <![CDATA[My_cart_TestTestScript Failed]]>
    </line>
  </reporter-output>
  <suite name="Suite" duration-ms="20163" started-at="2023-08-10T13:33:26 IST" finished-at="2023-08-10T13:33:46 IST">
    <groups>
    </groups>
    <test name="Test" duration-ms="20163" started-at="2023-08-10T13:33:26 IST" finished-at="2023-08-10T13:33:46 IST">
      <class name="TestScript.My_Cart_Test">
        <test-method status="PASS" signature="congfi_BC()[pri:0, instance:TestScript.My_Cart_Test@5c072e3f]" name="congfi_BC" is-config="true" duration-ms="10977" started-at="2023-08-10T13:33:26 IST" finished-at="2023-08-10T13:33:37 IST">
          <reporter-output>
          </reporter-output>
        </test-method> <!-- congfi_BC -->
        <test-method status="PASS" signature="congfi_BM()[pri:0, instance:TestScript.My_Cart_Test@5c072e3f]" name="congfi_BM" is-config="true" duration-ms="3044" started-at="2023-08-10T13:33:37 IST" finished-at="2023-08-10T13:33:40 IST">
          <reporter-output>
          </reporter-output>
        </test-method> <!-- congfi_BM -->
        <test-method status="FAIL" signature="My_cart_Test()[pri:0, instance:TestScript.My_Cart_Test@5c072e3f]" name="My_cart_Test" duration-ms="223" started-at="2023-08-10T13:33:40 IST" finished-at="2023-08-10T13:33:41 IST">
          <exception class="java.lang.AssertionError">
            <message>
              <![CDATA[null]]>
            </message>
            <full-stacktrace>
              <![CDATA[java.lang.AssertionError: null
at org.testng.Assert.fail(Assert.java:99)
at org.testng.Assert.fail(Assert.java:106)
at TestScript.My_Cart_Test.My_cart_Test(My_Cart_Test.java:16)
at sun.reflect.NativeMethodAccessorImpl.invoke0(Native Method)
at sun.reflect.NativeMethodAccessorImpl.invoke(NativeMethodAccessorImpl.java:62)
at sun.reflect.DelegatingMethodAccessorImpl.invoke(DelegatingMethodAccessorImpl.java:43)
at java.lang.reflect.Method.invoke(Method.java:498)
at org.testng.internal.MethodInvocationHelper.invokeMethod(MethodInvocationHelper.java:133)
at org.testng.internal.TestInvoker.invokeMethod(TestInvoker.java:598)
at org.testng.internal.TestInvoker.invokeTestMethod(TestInvoker.java:173)
at org.testng.internal.MethodRunner.runInSequence(MethodRunner.java:46)
at org.testng.internal.TestInvoker$MethodInvocationAgent.invoke(TestInvoker.java:824)
at org.testng.internal.TestInvoker.invokeTestMethods(TestInvoker.java:146)
at org.testng.internal.TestMethodWorker.invokeTestMethods(TestMethodWorker.java:146)
at org.testng.internal.TestMethodWorker.run(TestMethodWorker.java:128)
at java.util.ArrayList.forEach(ArrayList.java:1259)
at org.testng.TestRunner.privateRun(TestRunner.java:794)
at org.testng.TestRunner.run(TestRunner.java:596)
at org.testng.SuiteRunner.runTest(SuiteRunner.java:377)
at org.testng.SuiteRunner.access$000(SuiteRunner.java:28)
at org.testng.SuiteRunner$SuiteWorker.run(SuiteRunner.java:418)
at org.testng.internal.thread.ThreadUtil.lambda$execute$0(ThreadUtil.java:64)
at java.util.concurrent.FutureTask.run(FutureTask.java:266)
at java.util.concurrent.ThreadPoolExecutor.runWorker(ThreadPoolExecutor.java:1149)
at java.util.concurrent.ThreadPoolExecutor$Worker.run(ThreadPoolExecutor.java:624)
at java.lang.Thread.run(Thread.java:748)
]]>
            </full-stacktrace>
          </exception> <!-- java.lang.AssertionError -->
          <reporter-output>
            <line>
              <![CDATA[My_cart_Test----TestScript Execuation Starts]]>
            </line>
            <line>
              <![CDATA[My_cart_TestTestScript Failed]]>
            </line>
          </reporter-output>
        </test-method> <!-- My_cart_Test -->
        <test-method status="PASS" signature="congfi_AM()[pri:0, instance:TestScript.My_Cart_Test@5c072e3f]" name="congfi_AM" is-config="true" duration-ms="1202" started-at="2023-08-10T13:33:41 IST" finished-at="2023-08-10T13:33:42 IST">
          <reporter-output>
          </reporter-output>
        </test-method> <!-- congfi_AM -->
        <test-method status="PASS" signature="congfi_AC()[pri:0, instance:TestScript.My_Cart_Test@5c072e3f]" name="congfi_AC" is-config="true" duration-ms="4038" started-at="2023-08-10T13:33:42 IST" finished-at="2023-08-10T13:33:46 IST">
          <reporter-output>
          </reporter-output>
        </test-method> <!-- congfi_AC -->
      </class> <!-- TestScript.My_Cart_Test -->
    </test> <!-- Test -->
  </suite> <!-- Suite -->
</testng-results>
